<?xml version="1.0" encoding="UTF-8"?>
<!-- Generated by org.testng.reporters.JUnitReportReporter -->
<testsuite hostname="DESKTOP-SDNLCRM" name="test.com.MovieTest" tests="1" failures="0" timestamp="11 Feb 2020 04:31:35 GMT" time="0.209" errors="0">
  <testcase name="testmovie" time="0.209" classname="test.com.MovieTest"/>
</testsuite> <!-- test.com.MovieTest -->
